C:\Users\Administrator\AppData\Local\Programs\Python\Python36\lib\site-packages\rasa_nlu\extractors\entity_synonyms.py:85: UserWarning: Failed to load synonyms file from 'models/current/nlu\entity_synonyms.json'
  "".format(entity_synonyms_file))

C:\Users\Administrator\AppData\Local\Programs\Python\Python36\lib\site-packages\sklearn\preprocessing\label.py:151: DeprecationWarning: The truth value of an empty array is ambiguous. Returning False, but in future this will result in an error. Use `array.size > 0` to check that an array is not empty.
  if diff:

C:\Users\Administrator\AppData\Local\Programs\Python\Python36\lib\site-packages\sklearn\preprocessing\label.py:151: DeprecationWarning: The truth value of an empty array is ambiguous. Returning False, but in future this will result in an error. Use `array.size > 0` to check that an array is not empty.
  if diff:

C:\Users\Administrator\AppData\Local\Programs\Python\Python36\lib\site-packages\sklearn\preprocessing\label.py:151: DeprecationWarning: The truth value of an empty array is ambiguous. Returning False, but in future this will result in an error. Use `array.size > 0` to check that an array is not empty.
  if diff:

C:\Users\Administrator\AppData\Local\Programs\Python\Python36\lib\site-packages\sklearn\preprocessing\label.py:151: DeprecationWarning: The truth value of an empty array is ambiguous. Returning False, but in future this will result in an error. Use `array.size > 0` to check that an array is not empty.
  if diff:

C:\Users\Administrator\AppData\Local\Programs\Python\Python36\lib\site-packages\rasa_nlu\extractors\entity_synonyms.py:85: UserWarning: Failed to load synonyms file from 'models/current/nlu\entity_synonyms.json'
  "".format(entity_synonyms_file))

C:\Users\Administrator\AppData\Local\Programs\Python\Python36\lib\site-packages\sklearn\preprocessing\label.py:151: DeprecationWarning: The truth value of an empty array is ambiguous. Returning False, but in future this will result in an error. Use `array.size > 0` to check that an array is not empty.
  if diff:

C:\Users\Administrator\AppData\Local\Programs\Python\Python36\lib\site-packages\sklearn\preprocessing\label.py:151: DeprecationWarning: The truth value of an empty array is ambiguous. Returning False, but in future this will result in an error. Use `array.size > 0` to check that an array is not empty.
  if diff:

C:\Users\Administrator\AppData\Local\Programs\Python\Python36\lib\site-packages\sklearn\preprocessing\label.py:151: DeprecationWarning: The truth value of an empty array is ambiguous. Returning False, but in future this will result in an error. Use `array.size > 0` to check that an array is not empty.
  if diff:

C:\Users\Administrator\AppData\Local\Programs\Python\Python36\lib\site-packages\rasa_nlu\extractors\entity_synonyms.py:85: UserWarning: Failed to load synonyms file from 'models/current/nlu\entity_synonyms.json'
  "".format(entity_synonyms_file))

C:\Users\Administrator\AppData\Local\Programs\Python\Python36\lib\site-packages\sklearn\preprocessing\label.py:151: DeprecationWarning: The truth value of an empty array is ambiguous. Returning False, but in future this will result in an error. Use `array.size > 0` to check that an array is not empty.
  if diff:

C:\Users\Administrator\AppData\Local\Programs\Python\Python36\lib\site-packages\rasa_nlu\extractors\entity_synonyms.py:85: UserWarning: Failed to load synonyms file from 'models/current/nlu\entity_synonyms.json'
  "".format(entity_synonyms_file))

C:\Users\Administrator\AppData\Local\Programs\Python\Python36\lib\site-packages\sklearn\preprocessing\label.py:151: DeprecationWarning: The truth value of an empty array is ambiguous. Returning False, but in future this will result in an error. Use `array.size > 0` to check that an array is not empty.
  if diff:

C:\Users\Administrator\AppData\Local\Programs\Python\Python36\lib\site-packages\sklearn\preprocessing\label.py:151: DeprecationWarning: The truth value of an empty array is ambiguous. Returning False, but in future this will result in an error. Use `array.size > 0` to check that an array is not empty.
  if diff:

C:\Users\Administrator\AppData\Local\Programs\Python\Python36\lib\site-packages\sklearn\preprocessing\label.py:151: DeprecationWarning: The truth value of an empty array is ambiguous. Returning False, but in future this will result in an error. Use `array.size > 0` to check that an array is not empty.
  if diff:

C:\Users\Administrator\AppData\Local\Programs\Python\Python36\lib\site-packages\sklearn\preprocessing\label.py:151: DeprecationWarning: The truth value of an empty array is ambiguous. Returning False, but in future this will result in an error. Use `array.size > 0` to check that an array is not empty.
  if diff:

C:\Users\Administrator\AppData\Local\Programs\Python\Python36\lib\site-packages\sklearn\preprocessing\label.py:151: DeprecationWarning: The truth value of an empty array is ambiguous. Returning False, but in future this will result in an error. Use `array.size > 0` to check that an array is not empty.
  if diff:

C:\Users\Administrator\AppData\Local\Programs\Python\Python36\lib\site-packages\sklearn\preprocessing\label.py:151: DeprecationWarning: The truth value of an empty array is ambiguous. Returning False, but in future this will result in an error. Use `array.size > 0` to check that an array is not empty.
  if diff:

C:\Users\Administrator\AppData\Local\Programs\Python\Python36\lib\site-packages\rasa_nlu\extractors\entity_synonyms.py:85: UserWarning: Failed to load synonyms file from 'models/current/nlu\entity_synonyms.json'
  "".format(entity_synonyms_file))

C:\Users\Administrator\AppData\Local\Programs\Python\Python36\lib\site-packages\sklearn\preprocessing\label.py:151: DeprecationWarning: The truth value of an empty array is ambiguous. Returning False, but in future this will result in an error. Use `array.size > 0` to check that an array is not empty.
  if diff:

C:\Users\Administrator\AppData\Local\Programs\Python\Python36\lib\site-packages\sklearn\preprocessing\label.py:151: DeprecationWarning: The truth value of an empty array is ambiguous. Returning False, but in future this will result in an error. Use `array.size > 0` to check that an array is not empty.
  if diff:

C:\Users\Administrator\AppData\Local\Programs\Python\Python36\lib\site-packages\sklearn\preprocessing\label.py:151: DeprecationWarning: The truth value of an empty array is ambiguous. Returning False, but in future this will result in an error. Use `array.size > 0` to check that an array is not empty.
  if diff:

C:\Users\Administrator\AppData\Local\Programs\Python\Python36\lib\site-packages\sklearn\preprocessing\label.py:151: DeprecationWarning: The truth value of an empty array is ambiguous. Returning False, but in future this will result in an error. Use `array.size > 0` to check that an array is not empty.
  if diff:

C:\Users\Administrator\AppData\Local\Programs\Python\Python36\lib\site-packages\sklearn\preprocessing\label.py:151: DeprecationWarning: The truth value of an empty array is ambiguous. Returning False, but in future this will result in an error. Use `array.size > 0` to check that an array is not empty.
  if diff:

C:\Users\Administrator\AppData\Local\Programs\Python\Python36\lib\site-packages\sklearn\preprocessing\label.py:151: DeprecationWarning: The truth value of an empty array is ambiguous. Returning False, but in future this will result in an error. Use `array.size > 0` to check that an array is not empty.
  if diff:

C:\Users\Administrator\AppData\Local\Programs\Python\Python36\lib\site-packages\rasa_nlu\extractors\entity_synonyms.py:85: UserWarning: Failed to load synonyms file from 'models/current/nlu\entity_synonyms.json'
  "".format(entity_synonyms_file))

C:\Users\Administrator\AppData\Local\Programs\Python\Python36\lib\site-packages\sklearn\preprocessing\label.py:151: DeprecationWarning: The truth value of an empty array is ambiguous. Returning False, but in future this will result in an error. Use `array.size > 0` to check that an array is not empty.
  if diff:

C:\Users\Administrator\AppData\Local\Programs\Python\Python36\lib\site-packages\sklearn\preprocessing\label.py:151: DeprecationWarning: The truth value of an empty array is ambiguous. Returning False, but in future this will result in an error. Use `array.size > 0` to check that an array is not empty.
  if diff:

C:\Users\Administrator\AppData\Local\Programs\Python\Python36\lib\site-packages\sklearn\preprocessing\label.py:151: DeprecationWarning: The truth value of an empty array is ambiguous. Returning False, but in future this will result in an error. Use `array.size > 0` to check that an array is not empty.
  if diff:

C:\Users\Administrator\AppData\Local\Programs\Python\Python36\lib\site-packages\sklearn\preprocessing\label.py:151: DeprecationWarning: The truth value of an empty array is ambiguous. Returning False, but in future this will result in an error. Use `array.size > 0` to check that an array is not empty.
  if diff:

C:\Users\Administrator\AppData\Local\Programs\Python\Python36\lib\site-packages\sklearn\preprocessing\label.py:151: DeprecationWarning: The truth value of an empty array is ambiguous. Returning False, but in future this will result in an error. Use `array.size > 0` to check that an array is not empty.
  if diff:

C:\Users\Administrator\AppData\Local\Programs\Python\Python36\lib\site-packages\sklearn\preprocessing\label.py:151: DeprecationWarning: The truth value of an empty array is ambiguous. Returning False, but in future this will result in an error. Use `array.size > 0` to check that an array is not empty.
  if diff:

C:\Users\Administrator\AppData\Local\Programs\Python\Python36\lib\site-packages\rasa_nlu\extractors\entity_synonyms.py:85: UserWarning: Failed to load synonyms file from 'models/current/nlu\entity_synonyms.json'
  "".format(entity_synonyms_file))

C:\Users\Administrator\AppData\Local\Programs\Python\Python36\lib\site-packages\sklearn\preprocessing\label.py:151: DeprecationWarning: The truth value of an empty array is ambiguous. Returning False, but in future this will result in an error. Use `array.size > 0` to check that an array is not empty.
  if diff:

C:\Users\Administrator\AppData\Local\Programs\Python\Python36\lib\site-packages\sklearn\preprocessing\label.py:151: DeprecationWarning: The truth value of an empty array is ambiguous. Returning False, but in future this will result in an error. Use `array.size > 0` to check that an array is not empty.
  if diff:

C:\Users\Administrator\AppData\Local\Programs\Python\Python36\lib\site-packages\sklearn\preprocessing\label.py:151: DeprecationWarning: The truth value of an empty array is ambiguous. Returning False, but in future this will result in an error. Use `array.size > 0` to check that an array is not empty.
  if diff:

C:\Users\Administrator\AppData\Local\Programs\Python\Python36\lib\site-packages\sklearn\preprocessing\label.py:151: DeprecationWarning: The truth value of an empty array is ambiguous. Returning False, but in future this will result in an error. Use `array.size > 0` to check that an array is not empty.
  if diff:

C:\Users\Administrator\AppData\Local\Programs\Python\Python36\lib\site-packages\sklearn\preprocessing\label.py:151: DeprecationWarning: The truth value of an empty array is ambiguous. Returning False, but in future this will result in an error. Use `array.size > 0` to check that an array is not empty.
  if diff:

C:\Users\Administrator\AppData\Local\Programs\Python\Python36\lib\site-packages\sklearn\preprocessing\label.py:151: DeprecationWarning: The truth value of an empty array is ambiguous. Returning False, but in future this will result in an error. Use `array.size > 0` to check that an array is not empty.
  if diff:

C:\Users\Administrator\AppData\Local\Programs\Python\Python36\lib\site-packages\sklearn\preprocessing\label.py:151: DeprecationWarning: The truth value of an empty array is ambiguous. Returning False, but in future this will result in an error. Use `array.size > 0` to check that an array is not empty.
  if diff:

C:\Users\Administrator\AppData\Local\Programs\Python\Python36\lib\site-packages\sklearn\preprocessing\label.py:151: DeprecationWarning: The truth value of an empty array is ambiguous. Returning False, but in future this will result in an error. Use `array.size > 0` to check that an array is not empty.
  if diff:

C:\Users\Administrator\AppData\Local\Programs\Python\Python36\lib\site-packages\sklearn\preprocessing\label.py:151: DeprecationWarning: The truth value of an empty array is ambiguous. Returning False, but in future this will result in an error. Use `array.size > 0` to check that an array is not empty.
  if diff:

C:\Users\Administrator\AppData\Local\Programs\Python\Python36\lib\site-packages\rasa_nlu\extractors\entity_synonyms.py:85: UserWarning: Failed to load synonyms file from 'models/current/nlu\entity_synonyms.json'
  "".format(entity_synonyms_file))

C:\Users\Administrator\AppData\Local\Programs\Python\Python36\lib\site-packages\sklearn\preprocessing\label.py:151: DeprecationWarning: The truth value of an empty array is ambiguous. Returning False, but in future this will result in an error. Use `array.size > 0` to check that an array is not empty.
  if diff:

C:\Users\Administrator\AppData\Local\Programs\Python\Python36\lib\site-packages\sklearn\preprocessing\label.py:151: DeprecationWarning: The truth value of an empty array is ambiguous. Returning False, but in future this will result in an error. Use `array.size > 0` to check that an array is not empty.
  if diff:

C:\Users\Administrator\AppData\Local\Programs\Python\Python36\lib\site-packages\sklearn\preprocessing\label.py:151: DeprecationWarning: The truth value of an empty array is ambiguous. Returning False, but in future this will result in an error. Use `array.size > 0` to check that an array is not empty.
  if diff:

C:\Users\Administrator\AppData\Local\Programs\Python\Python36\lib\site-packages\sklearn\preprocessing\label.py:151: DeprecationWarning: The truth value of an empty array is ambiguous. Returning False, but in future this will result in an error. Use `array.size > 0` to check that an array is not empty.
  if diff:

C:\Users\Administrator\AppData\Local\Programs\Python\Python36\lib\site-packages\rasa_nlu\extractors\entity_synonyms.py:85: UserWarning: Failed to load synonyms file from 'models/current/nlu\entity_synonyms.json'
  "".format(entity_synonyms_file))

C:\Users\Administrator\AppData\Local\Programs\Python\Python36\lib\site-packages\sklearn\preprocessing\label.py:151: DeprecationWarning: The truth value of an empty array is ambiguous. Returning False, but in future this will result in an error. Use `array.size > 0` to check that an array is not empty.
  if diff:

C:\Users\Administrator\AppData\Local\Programs\Python\Python36\lib\site-packages\sklearn\preprocessing\label.py:151: DeprecationWarning: The truth value of an empty array is ambiguous. Returning False, but in future this will result in an error. Use `array.size > 0` to check that an array is not empty.
  if diff:

C:\Users\Administrator\AppData\Local\Programs\Python\Python36\lib\site-packages\sklearn\preprocessing\label.py:151: DeprecationWarning: The truth value of an empty array is ambiguous. Returning False, but in future this will result in an error. Use `array.size > 0` to check that an array is not empty.
  if diff:

C:\Users\Administrator\AppData\Local\Programs\Python\Python36\lib\site-packages\sklearn\preprocessing\label.py:151: DeprecationWarning: The truth value of an empty array is ambiguous. Returning False, but in future this will result in an error. Use `array.size > 0` to check that an array is not empty.
  if diff:

C:\Users\Administrator\AppData\Local\Programs\Python\Python36\lib\site-packages\sklearn\preprocessing\label.py:151: DeprecationWarning: The truth value of an empty array is ambiguous. Returning False, but in future this will result in an error. Use `array.size > 0` to check that an array is not empty.
  if diff:

C:\Users\Administrator\AppData\Local\Programs\Python\Python36\lib\site-packages\sklearn\preprocessing\label.py:151: DeprecationWarning: The truth value of an empty array is ambiguous. Returning False, but in future this will result in an error. Use `array.size > 0` to check that an array is not empty.
  if diff:

C:\Users\Administrator\AppData\Local\Programs\Python\Python36\lib\site-packages\sklearn\preprocessing\label.py:151: DeprecationWarning: The truth value of an empty array is ambiguous. Returning False, but in future this will result in an error. Use `array.size > 0` to check that an array is not empty.
  if diff:

C:\Users\Administrator\AppData\Local\Programs\Python\Python36\lib\site-packages\sklearn\preprocessing\label.py:151: DeprecationWarning: The truth value of an empty array is ambiguous. Returning False, but in future this will result in an error. Use `array.size > 0` to check that an array is not empty.
  if diff:

C:\Users\Administrator\AppData\Local\Programs\Python\Python36\lib\site-packages\sklearn\preprocessing\label.py:151: DeprecationWarning: The truth value of an empty array is ambiguous. Returning False, but in future this will result in an error. Use `array.size > 0` to check that an array is not empty.
  if diff:

C:\Users\Administrator\AppData\Local\Programs\Python\Python36\lib\site-packages\sklearn\preprocessing\label.py:151: DeprecationWarning: The truth value of an empty array is ambiguous. Returning False, but in future this will result in an error. Use `array.size > 0` to check that an array is not empty.
  if diff:

C:\Users\Administrator\AppData\Local\Programs\Python\Python36\lib\site-packages\rasa_nlu\extractors\entity_synonyms.py:85: UserWarning: Failed to load synonyms file from 'models/current/nlu\entity_synonyms.json'
  "".format(entity_synonyms_file))

C:\Users\Administrator\AppData\Local\Programs\Python\Python36\lib\site-packages\sklearn\preprocessing\label.py:151: DeprecationWarning: The truth value of an empty array is ambiguous. Returning False, but in future this will result in an error. Use `array.size > 0` to check that an array is not empty.
  if diff:

C:\Users\Administrator\AppData\Local\Programs\Python\Python36\lib\site-packages\sklearn\preprocessing\label.py:151: DeprecationWarning: The truth value of an empty array is ambiguous. Returning False, but in future this will result in an error. Use `array.size > 0` to check that an array is not empty.
  if diff:

C:\Users\Administrator\AppData\Local\Programs\Python\Python36\lib\site-packages\sklearn\preprocessing\label.py:151: DeprecationWarning: The truth value of an empty array is ambiguous. Returning False, but in future this will result in an error. Use `array.size > 0` to check that an array is not empty.
  if diff:

C:\Users\Administrator\AppData\Local\Programs\Python\Python36\lib\site-packages\sklearn\preprocessing\label.py:151: DeprecationWarning: The truth value of an empty array is ambiguous. Returning False, but in future this will result in an error. Use `array.size > 0` to check that an array is not empty.
  if diff:

C:\Users\Administrator\AppData\Local\Programs\Python\Python36\lib\site-packages\sklearn\preprocessing\label.py:151: DeprecationWarning: The truth value of an empty array is ambiguous. Returning False, but in future this will result in an error. Use `array.size > 0` to check that an array is not empty.
  if diff:

C:\Users\Administrator\AppData\Local\Programs\Python\Python36\lib\site-packages\sklearn\preprocessing\label.py:151: DeprecationWarning: The truth value of an empty array is ambiguous. Returning False, but in future this will result in an error. Use `array.size > 0` to check that an array is not empty.
  if diff:

C:\Users\Administrator\AppData\Local\Programs\Python\Python36\lib\site-packages\rasa_nlu\extractors\entity_synonyms.py:85: UserWarning: Failed to load synonyms file from 'models/current/nlu\entity_synonyms.json'
  "".format(entity_synonyms_file))

C:\Users\Administrator\AppData\Local\Programs\Python\Python36\lib\site-packages\sklearn\preprocessing\label.py:151: DeprecationWarning: The truth value of an empty array is ambiguous. Returning False, but in future this will result in an error. Use `array.size > 0` to check that an array is not empty.
  if diff:

Encountered an exception while running action 'action_jenkins'. Bot will continue, but the actions events are lost. Make sure to fix the exception in your custom code.
must be str, not NoneType
Traceback (most recent call last):
  File "C:\Users\Administrator\AppData\Local\Programs\Python\Python36\lib\site-packages\rasa_core\processor.py", line 302, in _run_action
    events = action.run(dispatcher, tracker, self.domain)
  File "C:\Users\Administrator\Documents\GitHub\rasa_slack_chatbot\actions.py", line 37, in run
    URL = "http://localhost:8080/job/"+job+"/build?token=remote_enable_token"
TypeError: must be str, not NoneType
C:\Users\Administrator\AppData\Local\Programs\Python\Python36\lib\site-packages\rasa_nlu\extractors\entity_synonyms.py:85: UserWarning: Failed to load synonyms file from 'models/current/nlu\entity_synonyms.json'
  "".format(entity_synonyms_file))

C:\Users\Administrator\AppData\Local\Programs\Python\Python36\lib\site-packages\sklearn\preprocessing\label.py:151: DeprecationWarning: The truth value of an empty array is ambiguous. Returning False, but in future this will result in an error. Use `array.size > 0` to check that an array is not empty.
  if diff:

C:\Users\Administrator\AppData\Local\Programs\Python\Python36\lib\site-packages\sklearn\preprocessing\label.py:151: DeprecationWarning: The truth value of an empty array is ambiguous. Returning False, but in future this will result in an error. Use `array.size > 0` to check that an array is not empty.
  if diff:

C:\Users\Administrator\AppData\Local\Programs\Python\Python36\lib\site-packages\sklearn\preprocessing\label.py:151: DeprecationWarning: The truth value of an empty array is ambiguous. Returning False, but in future this will result in an error. Use `array.size > 0` to check that an array is not empty.
  if diff:

C:\Users\Administrator\AppData\Local\Programs\Python\Python36\lib\site-packages\sklearn\preprocessing\label.py:151: DeprecationWarning: The truth value of an empty array is ambiguous. Returning False, but in future this will result in an error. Use `array.size > 0` to check that an array is not empty.
  if diff:

C:\Users\Administrator\AppData\Local\Programs\Python\Python36\lib\site-packages\sklearn\preprocessing\label.py:151: DeprecationWarning: The truth value of an empty array is ambiguous. Returning False, but in future this will result in an error. Use `array.size > 0` to check that an array is not empty.
  if diff:

C:\Users\Administrator\AppData\Local\Programs\Python\Python36\lib\site-packages\sklearn\preprocessing\label.py:151: DeprecationWarning: The truth value of an empty array is ambiguous. Returning False, but in future this will result in an error. Use `array.size > 0` to check that an array is not empty.
  if diff:

C:\Users\Administrator\AppData\Local\Programs\Python\Python36\lib\site-packages\sklearn\preprocessing\label.py:151: DeprecationWarning: The truth value of an empty array is ambiguous. Returning False, but in future this will result in an error. Use `array.size > 0` to check that an array is not empty.
  if diff:

C:\Users\Administrator\AppData\Local\Programs\Python\Python36\lib\site-packages\sklearn\preprocessing\label.py:151: DeprecationWarning: The truth value of an empty array is ambiguous. Returning False, but in future this will result in an error. Use `array.size > 0` to check that an array is not empty.
  if diff:

C:\Users\Administrator\AppData\Local\Programs\Python\Python36\lib\site-packages\sklearn\preprocessing\label.py:151: DeprecationWarning: The truth value of an empty array is ambiguous. Returning False, but in future this will result in an error. Use `array.size > 0` to check that an array is not empty.
  if diff:

Encountered an exception while running action 'action_jenkins'. Bot will continue, but the actions events are lost. Make sure to fix the exception in your custom code.
must be str, not NoneType
Traceback (most recent call last):
  File "C:\Users\Administrator\AppData\Local\Programs\Python\Python36\lib\site-packages\rasa_core\processor.py", line 302, in _run_action
    events = action.run(dispatcher, tracker, self.domain)
  File "C:\Users\Administrator\Documents\GitHub\rasa_slack_chatbot\actions.py", line 37, in run
    URL = "http://localhost:8080/job/"+job+"/build?token=remote_enable_token"
TypeError: must be str, not NoneType
C:\Users\Administrator\AppData\Local\Programs\Python\Python36\lib\site-packages\rasa_nlu\extractors\entity_synonyms.py:85: UserWarning: Failed to load synonyms file from 'models/current/nlu\entity_synonyms.json'
  "".format(entity_synonyms_file))

C:\Users\Administrator\AppData\Local\Programs\Python\Python36\lib\site-packages\sklearn\preprocessing\label.py:151: DeprecationWarning: The truth value of an empty array is ambiguous. Returning False, but in future this will result in an error. Use `array.size > 0` to check that an array is not empty.
  if diff:

Encountered an exception while running action 'action_jenkins'. Bot will continue, but the actions events are lost. Make sure to fix the exception in your custom code.
must be str, not NoneType
Traceback (most recent call last):
  File "C:\Users\Administrator\AppData\Local\Programs\Python\Python36\lib\site-packages\rasa_core\processor.py", line 302, in _run_action
    events = action.run(dispatcher, tracker, self.domain)
  File "C:\Users\Administrator\Documents\GitHub\rasa_slack_chatbot\actions.py", line 37, in run
    URL = "http://localhost:8080/job/"+job+"/build?token=remote_enable_token"
TypeError: must be str, not NoneType
C:\Users\Administrator\AppData\Local\Programs\Python\Python36\lib\site-packages\rasa_nlu\extractors\entity_synonyms.py:85: UserWarning: Failed to load synonyms file from 'models/current/nlu\entity_synonyms.json'
  "".format(entity_synonyms_file))

C:\Users\Administrator\AppData\Local\Programs\Python\Python36\lib\site-packages\sklearn\preprocessing\label.py:151: DeprecationWarning: The truth value of an empty array is ambiguous. Returning False, but in future this will result in an error. Use `array.size > 0` to check that an array is not empty.
  if diff:

Encountered an exception while running action 'action_jenkins'. Bot will continue, but the actions events are lost. Make sure to fix the exception in your custom code.
must be str, not NoneType
Traceback (most recent call last):
  File "C:\Users\Administrator\AppData\Local\Programs\Python\Python36\lib\site-packages\rasa_core\processor.py", line 302, in _run_action
    events = action.run(dispatcher, tracker, self.domain)
  File "C:\Users\Administrator\Documents\GitHub\rasa_slack_chatbot\actions.py", line 37, in run
    URL = "http://localhost:8080/job/"+job+"/build?token=remote_enable_token"
TypeError: must be str, not NoneType
C:\Users\Administrator\AppData\Local\Programs\Python\Python36\lib\site-packages\rasa_nlu\extractors\entity_synonyms.py:85: UserWarning: Failed to load synonyms file from 'models/current/nlu\entity_synonyms.json'
  "".format(entity_synonyms_file))

C:\Users\Administrator\AppData\Local\Programs\Python\Python36\lib\site-packages\sklearn\preprocessing\label.py:151: DeprecationWarning: The truth value of an empty array is ambiguous. Returning False, but in future this will result in an error. Use `array.size > 0` to check that an array is not empty.
  if diff:

C:\Users\Administrator\AppData\Local\Programs\Python\Python36\lib\site-packages\sklearn\preprocessing\label.py:151: DeprecationWarning: The truth value of an empty array is ambiguous. Returning False, but in future this will result in an error. Use `array.size > 0` to check that an array is not empty.
  if diff:

C:\Users\Administrator\AppData\Local\Programs\Python\Python36\lib\site-packages\sklearn\preprocessing\label.py:151: DeprecationWarning: The truth value of an empty array is ambiguous. Returning False, but in future this will result in an error. Use `array.size > 0` to check that an array is not empty.
  if diff:

Encountered an exception while running action 'action_jenkins_param'. Bot will continue, but the actions events are lost. Make sure to fix the exception in your custom code.
'NoneType' object has no attribute 'upper'
Traceback (most recent call last):
  File "C:\Users\Administrator\AppData\Local\Programs\Python\Python36\lib\site-packages\rasa_core\processor.py", line 302, in _run_action
    events = action.run(dispatcher, tracker, self.domain)
  File "C:\Users\Administrator\Documents\GitHub\rasa_slack_chatbot\actions.py", line 71, in run
    pvalue = (tracker.get_slot("environment")).upper()
AttributeError: 'NoneType' object has no attribute 'upper'
C:\Users\Administrator\AppData\Local\Programs\Python\Python36\lib\site-packages\rasa_nlu\extractors\entity_synonyms.py:85: UserWarning: Failed to load synonyms file from 'models/current/nlu\entity_synonyms.json'
  "".format(entity_synonyms_file))

C:\Users\Administrator\AppData\Local\Programs\Python\Python36\lib\site-packages\sklearn\preprocessing\label.py:151: DeprecationWarning: The truth value of an empty array is ambiguous. Returning False, but in future this will result in an error. Use `array.size > 0` to check that an array is not empty.
  if diff:

C:\Users\Administrator\AppData\Local\Programs\Python\Python36\lib\site-packages\rasa_nlu\extractors\entity_synonyms.py:85: UserWarning: Failed to load synonyms file from 'models/current/nlu\entity_synonyms.json'
  "".format(entity_synonyms_file))

C:\Users\Administrator\AppData\Local\Programs\Python\Python36\lib\site-packages\sklearn\preprocessing\label.py:151: DeprecationWarning: The truth value of an empty array is ambiguous. Returning False, but in future this will result in an error. Use `array.size > 0` to check that an array is not empty.
  if diff:

C:\Users\Administrator\AppData\Local\Programs\Python\Python36\lib\site-packages\rasa_nlu\extractors\entity_synonyms.py:85: UserWarning: Failed to load synonyms file from 'models/current/nlu\entity_synonyms.json'
  "".format(entity_synonyms_file))

C:\Users\Administrator\AppData\Local\Programs\Python\Python36\lib\site-packages\sklearn\preprocessing\label.py:151: DeprecationWarning: The truth value of an empty array is ambiguous. Returning False, but in future this will result in an error. Use `array.size > 0` to check that an array is not empty.
  if diff:

C:\Users\Administrator\AppData\Local\Programs\Python\Python36\lib\site-packages\rasa_nlu\extractors\entity_synonyms.py:85: UserWarning: Failed to load synonyms file from 'models/current/nlu\entity_synonyms.json'
  "".format(entity_synonyms_file))

C:\Users\Administrator\AppData\Local\Programs\Python\Python36\lib\site-packages\sklearn\preprocessing\label.py:151: DeprecationWarning: The truth value of an empty array is ambiguous. Returning False, but in future this will result in an error. Use `array.size > 0` to check that an array is not empty.
  if diff:

C:\Users\Administrator\AppData\Local\Programs\Python\Python36\lib\site-packages\sklearn\preprocessing\label.py:151: DeprecationWarning: The truth value of an empty array is ambiguous. Returning False, but in future this will result in an error. Use `array.size > 0` to check that an array is not empty.
  if diff:

C:\Users\Administrator\AppData\Local\Programs\Python\Python36\lib\site-packages\rasa_nlu\extractors\entity_synonyms.py:85: UserWarning: Failed to load synonyms file from 'models/current/nlu\entity_synonyms.json'
  "".format(entity_synonyms_file))

C:\Users\Administrator\AppData\Local\Programs\Python\Python36\lib\site-packages\sklearn\preprocessing\label.py:151: DeprecationWarning: The truth value of an empty array is ambiguous. Returning False, but in future this will result in an error. Use `array.size > 0` to check that an array is not empty.
  if diff:

C:\Users\Administrator\AppData\Local\Programs\Python\Python36\lib\site-packages\sklearn\preprocessing\label.py:151: DeprecationWarning: The truth value of an empty array is ambiguous. Returning False, but in future this will result in an error. Use `array.size > 0` to check that an array is not empty.
  if diff:

C:\Users\Administrator\AppData\Local\Programs\Python\Python36\lib\site-packages\sklearn\preprocessing\label.py:151: DeprecationWarning: The truth value of an empty array is ambiguous. Returning False, but in future this will result in an error. Use `array.size > 0` to check that an array is not empty.
  if diff:

C:\Users\Administrator\AppData\Local\Programs\Python\Python36\lib\site-packages\sklearn\preprocessing\label.py:151: DeprecationWarning: The truth value of an empty array is ambiguous. Returning False, but in future this will result in an error. Use `array.size > 0` to check that an array is not empty.
  if diff:

C:\Users\Administrator\AppData\Local\Programs\Python\Python36\lib\site-packages\sklearn\preprocessing\label.py:151: DeprecationWarning: The truth value of an empty array is ambiguous. Returning False, but in future this will result in an error. Use `array.size > 0` to check that an array is not empty.
  if diff:

C:\Users\Administrator\AppData\Local\Programs\Python\Python36\lib\site-packages\rasa_nlu\extractors\entity_synonyms.py:85: UserWarning: Failed to load synonyms file from 'models/current/nlu\entity_synonyms.json'
  "".format(entity_synonyms_file))

C:\Users\Administrator\AppData\Local\Programs\Python\Python36\lib\site-packages\sklearn\preprocessing\label.py:151: DeprecationWarning: The truth value of an empty array is ambiguous. Returning False, but in future this will result in an error. Use `array.size > 0` to check that an array is not empty.
  if diff:

C:\Users\Administrator\AppData\Local\Programs\Python\Python36\lib\site-packages\sklearn\preprocessing\label.py:151: DeprecationWarning: The truth value of an empty array is ambiguous. Returning False, but in future this will result in an error. Use `array.size > 0` to check that an array is not empty.
  if diff:

C:\Users\Administrator\AppData\Local\Programs\Python\Python36\lib\site-packages\sklearn\preprocessing\label.py:151: DeprecationWarning: The truth value of an empty array is ambiguous. Returning False, but in future this will result in an error. Use `array.size > 0` to check that an array is not empty.
  if diff:

C:\Users\Administrator\AppData\Local\Programs\Python\Python36\lib\site-packages\sklearn\preprocessing\label.py:151: DeprecationWarning: The truth value of an empty array is ambiguous. Returning False, but in future this will result in an error. Use `array.size > 0` to check that an array is not empty.
  if diff:

C:\Users\Administrator\AppData\Local\Programs\Python\Python36\lib\site-packages\sklearn\preprocessing\label.py:151: DeprecationWarning: The truth value of an empty array is ambiguous. Returning False, but in future this will result in an error. Use `array.size > 0` to check that an array is not empty.
  if diff:

C:\Users\Administrator\AppData\Local\Programs\Python\Python36\lib\site-packages\sklearn\preprocessing\label.py:151: DeprecationWarning: The truth value of an empty array is ambiguous. Returning False, but in future this will result in an error. Use `array.size > 0` to check that an array is not empty.
  if diff:

C:\Users\Administrator\AppData\Local\Programs\Python\Python36\lib\site-packages\sklearn\preprocessing\label.py:151: DeprecationWarning: The truth value of an empty array is ambiguous. Returning False, but in future this will result in an error. Use `array.size > 0` to check that an array is not empty.
  if diff:

C:\Users\Administrator\AppData\Local\Programs\Python\Python36\lib\site-packages\sklearn\preprocessing\label.py:151: DeprecationWarning: The truth value of an empty array is ambiguous. Returning False, but in future this will result in an error. Use `array.size > 0` to check that an array is not empty.
  if diff:

C:\Users\Administrator\AppData\Local\Programs\Python\Python36\lib\site-packages\sklearn\preprocessing\label.py:151: DeprecationWarning: The truth value of an empty array is ambiguous. Returning False, but in future this will result in an error. Use `array.size > 0` to check that an array is not empty.
  if diff:

C:\Users\Administrator\AppData\Local\Programs\Python\Python36\lib\site-packages\sklearn\preprocessing\label.py:151: DeprecationWarning: The truth value of an empty array is ambiguous. Returning False, but in future this will result in an error. Use `array.size > 0` to check that an array is not empty.
  if diff:

C:\Users\Administrator\AppData\Local\Programs\Python\Python36\lib\site-packages\sklearn\preprocessing\label.py:151: DeprecationWarning: The truth value of an empty array is ambiguous. Returning False, but in future this will result in an error. Use `array.size > 0` to check that an array is not empty.
  if diff:

C:\Users\Administrator\AppData\Local\Programs\Python\Python36\lib\site-packages\sklearn\preprocessing\label.py:151: DeprecationWarning: The truth value of an empty array is ambiguous. Returning False, but in future this will result in an error. Use `array.size > 0` to check that an array is not empty.
  if diff:

C:\Users\Administrator\AppData\Local\Programs\Python\Python36\lib\site-packages\rasa_nlu\extractors\entity_synonyms.py:85: UserWarning: Failed to load synonyms file from 'models/current/nlu\entity_synonyms.json'
  "".format(entity_synonyms_file))

C:\Users\Administrator\AppData\Local\Programs\Python\Python36\lib\site-packages\sklearn\preprocessing\label.py:151: DeprecationWarning: The truth value of an empty array is ambiguous. Returning False, but in future this will result in an error. Use `array.size > 0` to check that an array is not empty.
  if diff:

C:\Users\Administrator\AppData\Local\Programs\Python\Python36\lib\site-packages\sklearn\preprocessing\label.py:151: DeprecationWarning: The truth value of an empty array is ambiguous. Returning False, but in future this will result in an error. Use `array.size > 0` to check that an array is not empty.
  if diff:

C:\Users\Administrator\AppData\Local\Programs\Python\Python36\lib\site-packages\sklearn\preprocessing\label.py:151: DeprecationWarning: The truth value of an empty array is ambiguous. Returning False, but in future this will result in an error. Use `array.size > 0` to check that an array is not empty.
  if diff:

C:\Users\Administrator\AppData\Local\Programs\Python\Python36\lib\site-packages\sklearn\preprocessing\label.py:151: DeprecationWarning: The truth value of an empty array is ambiguous. Returning False, but in future this will result in an error. Use `array.size > 0` to check that an array is not empty.
  if diff:

C:\Users\Administrator\AppData\Local\Programs\Python\Python36\lib\site-packages\sklearn\preprocessing\label.py:151: DeprecationWarning: The truth value of an empty array is ambiguous. Returning False, but in future this will result in an error. Use `array.size > 0` to check that an array is not empty.
  if diff:

C:\Users\Administrator\AppData\Local\Programs\Python\Python36\lib\site-packages\sklearn\preprocessing\label.py:151: DeprecationWarning: The truth value of an empty array is ambiguous. Returning False, but in future this will result in an error. Use `array.size > 0` to check that an array is not empty.
  if diff:

C:\Users\Administrator\AppData\Local\Programs\Python\Python36\lib\site-packages\sklearn\preprocessing\label.py:151: DeprecationWarning: The truth value of an empty array is ambiguous. Returning False, but in future this will result in an error. Use `array.size > 0` to check that an array is not empty.
  if diff:

C:\Users\Administrator\AppData\Local\Programs\Python\Python36\lib\site-packages\sklearn\preprocessing\label.py:151: DeprecationWarning: The truth value of an empty array is ambiguous. Returning False, but in future this will result in an error. Use `array.size > 0` to check that an array is not empty.
  if diff:

C:\Users\Administrator\AppData\Local\Programs\Python\Python36\lib\site-packages\sklearn\preprocessing\label.py:151: DeprecationWarning: The truth value of an empty array is ambiguous. Returning False, but in future this will result in an error. Use `array.size > 0` to check that an array is not empty.
  if diff:

C:\Users\Administrator\AppData\Local\Programs\Python\Python36\lib\site-packages\sklearn\preprocessing\label.py:151: DeprecationWarning: The truth value of an empty array is ambiguous. Returning False, but in future this will result in an error. Use `array.size > 0` to check that an array is not empty.
  if diff:

C:\Users\Administrator\AppData\Local\Programs\Python\Python36\lib\site-packages\sklearn\preprocessing\label.py:151: DeprecationWarning: The truth value of an empty array is ambiguous. Returning False, but in future this will result in an error. Use `array.size > 0` to check that an array is not empty.
  if diff:

C:\Users\Administrator\AppData\Local\Programs\Python\Python36\lib\site-packages\sklearn\preprocessing\label.py:151: DeprecationWarning: The truth value of an empty array is ambiguous. Returning False, but in future this will result in an error. Use `array.size > 0` to check that an array is not empty.
  if diff:

C:\Users\Administrator\AppData\Local\Programs\Python\Python36\lib\site-packages\sklearn\preprocessing\label.py:151: DeprecationWarning: The truth value of an empty array is ambiguous. Returning False, but in future this will result in an error. Use `array.size > 0` to check that an array is not empty.
  if diff:

C:\Users\Administrator\AppData\Local\Programs\Python\Python36\lib\site-packages\sklearn\preprocessing\label.py:151: DeprecationWarning: The truth value of an empty array is ambiguous. Returning False, but in future this will result in an error. Use `array.size > 0` to check that an array is not empty.
  if diff:

C:\Users\Administrator\AppData\Local\Programs\Python\Python36\lib\site-packages\rasa_nlu\extractors\entity_synonyms.py:85: UserWarning: Failed to load synonyms file from 'models/current/nlu\entity_synonyms.json'
  "".format(entity_synonyms_file))

C:\Users\Administrator\AppData\Local\Programs\Python\Python36\lib\site-packages\sklearn\preprocessing\label.py:151: DeprecationWarning: The truth value of an empty array is ambiguous. Returning False, but in future this will result in an error. Use `array.size > 0` to check that an array is not empty.
  if diff:

C:\Users\Administrator\AppData\Local\Programs\Python\Python36\lib\site-packages\rasa_nlu\extractors\entity_synonyms.py:85: UserWarning: Failed to load synonyms file from 'models/current/nlu\entity_synonyms.json'
  "".format(entity_synonyms_file))

C:\Users\Administrator\AppData\Local\Programs\Python\Python36\lib\site-packages\sklearn\preprocessing\label.py:151: DeprecationWarning: The truth value of an empty array is ambiguous. Returning False, but in future this will result in an error. Use `array.size > 0` to check that an array is not empty.
  if diff:

C:\Users\Administrator\AppData\Local\Programs\Python\Python36\lib\site-packages\rasa_nlu\extractors\entity_synonyms.py:85: UserWarning: Failed to load synonyms file from 'models/current/nlu\entity_synonyms.json'
  "".format(entity_synonyms_file))

C:\Users\Administrator\AppData\Local\Programs\Python\Python36\lib\site-packages\rasa_nlu\extractors\entity_synonyms.py:85: UserWarning: Failed to load synonyms file from 'models/current/nlu\entity_synonyms.json'
  "".format(entity_synonyms_file))

C:\Users\Administrator\AppData\Local\Programs\Python\Python36\lib\site-packages\sklearn\preprocessing\label.py:151: DeprecationWarning: The truth value of an empty array is ambiguous. Returning False, but in future this will result in an error. Use `array.size > 0` to check that an array is not empty.
  if diff:

Encountered an exception while running action 'action_GetJIRAStatus_param'. Bot will continue, but the actions events are lost. Make sure to fix the exception in your custom code.
'int' object has no attribute 'split'
Traceback (most recent call last):
  File "C:\Users\Administrator\Documents\GitHub\rasa_chatbot\actions.py", line 143, in submit
    a = resp.json()
  File "C:\Users\Administrator\AppData\Local\Programs\Python\Python36\lib\site-packages\requests\models.py", line 897, in json
    return complexjson.loads(self.text, **kwargs)
  File "C:\Users\Administrator\AppData\Local\Programs\Python\Python36\lib\site-packages\simplejson\__init__.py", line 518, in loads
    return _default_decoder.decode(s)
  File "C:\Users\Administrator\AppData\Local\Programs\Python\Python36\lib\site-packages\simplejson\decoder.py", line 370, in decode
    obj, end = self.raw_decode(s)
  File "C:\Users\Administrator\AppData\Local\Programs\Python\Python36\lib\site-packages\simplejson\decoder.py", line 400, in raw_decode
    return self.scan_once(s, idx=_w(s, idx).end())
simplejson.errors.JSONDecodeError: Expecting value: line 10 column 1 (char 9)

During handling of the above exception, another exception occurred:

Traceback (most recent call last):
  File "C:\Users\Administrator\AppData\Local\Programs\Python\Python36\lib\site-packages\rasa_core\processor.py", line 302, in _run_action
    events = action.run(dispatcher, tracker, self.domain)
  File "C:\Users\Administrator\AppData\Local\Programs\Python\Python36\lib\site-packages\rasa_core\actions\forms.py", line 146, in run
    events_from_submit = self.submit(dispatcher, temp_tracker, domain) or []
  File "C:\Users\Administrator\Documents\GitHub\rasa_chatbot\actions.py", line 148, in submit
    dispatcher.utter_message(resp.status_code)
  File "C:\Users\Administrator\AppData\Local\Programs\Python\Python36\lib\site-packages\rasa_core\dispatcher.py", line 73, in utter_message
    for message_part in text.split("\n\n"):
AttributeError: 'int' object has no attribute 'split'
Encountered an exception while running action 'action_GetJIRAStatus_param'. Bot will continue, but the actions events are lost. Make sure to fix the exception in your custom code.
'int' object has no attribute 'split'
Traceback (most recent call last):
  File "C:\Users\Administrator\Documents\GitHub\rasa_chatbot\actions.py", line 143, in submit
    a = resp.json()
  File "C:\Users\Administrator\AppData\Local\Programs\Python\Python36\lib\site-packages\requests\models.py", line 897, in json
    return complexjson.loads(self.text, **kwargs)
  File "C:\Users\Administrator\AppData\Local\Programs\Python\Python36\lib\site-packages\simplejson\__init__.py", line 518, in loads
    return _default_decoder.decode(s)
  File "C:\Users\Administrator\AppData\Local\Programs\Python\Python36\lib\site-packages\simplejson\decoder.py", line 370, in decode
    obj, end = self.raw_decode(s)
  File "C:\Users\Administrator\AppData\Local\Programs\Python\Python36\lib\site-packages\simplejson\decoder.py", line 400, in raw_decode
    return self.scan_once(s, idx=_w(s, idx).end())
simplejson.errors.JSONDecodeError: Expecting value: line 10 column 1 (char 9)

During handling of the above exception, another exception occurred:

Traceback (most recent call last):
  File "C:\Users\Administrator\AppData\Local\Programs\Python\Python36\lib\site-packages\rasa_core\processor.py", line 302, in _run_action
    events = action.run(dispatcher, tracker, self.domain)
  File "C:\Users\Administrator\AppData\Local\Programs\Python\Python36\lib\site-packages\rasa_core\actions\forms.py", line 146, in run
    events_from_submit = self.submit(dispatcher, temp_tracker, domain) or []
  File "C:\Users\Administrator\Documents\GitHub\rasa_chatbot\actions.py", line 148, in submit
    dispatcher.utter_message(resp.status_code)
  File "C:\Users\Administrator\AppData\Local\Programs\Python\Python36\lib\site-packages\rasa_core\dispatcher.py", line 73, in utter_message
    for message_part in text.split("\n\n"):
AttributeError: 'int' object has no attribute 'split'
Encountered an exception while running action 'action_GetJIRAStatus_param'. Bot will continue, but the actions events are lost. Make sure to fix the exception in your custom code.
'int' object has no attribute 'split'
Traceback (most recent call last):
  File "C:\Users\Administrator\Documents\GitHub\rasa_chatbot\actions.py", line 144, in submit
    dispatcher.utter_message(a['fields']['status']['description'])
KeyError: 'fields'

During handling of the above exception, another exception occurred:

Traceback (most recent call last):
  File "C:\Users\Administrator\AppData\Local\Programs\Python\Python36\lib\site-packages\rasa_core\processor.py", line 302, in _run_action
    events = action.run(dispatcher, tracker, self.domain)
  File "C:\Users\Administrator\AppData\Local\Programs\Python\Python36\lib\site-packages\rasa_core\actions\forms.py", line 146, in run
    events_from_submit = self.submit(dispatcher, temp_tracker, domain) or []
  File "C:\Users\Administrator\Documents\GitHub\rasa_chatbot\actions.py", line 148, in submit
    dispatcher.utter_message(resp.status_code)
  File "C:\Users\Administrator\AppData\Local\Programs\Python\Python36\lib\site-packages\rasa_core\dispatcher.py", line 73, in utter_message
    for message_part in text.split("\n\n"):
AttributeError: 'int' object has no attribute 'split'
Encountered an exception while running action 'action_GetJIRAStatus_param'. Bot will continue, but the actions events are lost. Make sure to fix the exception in your custom code.
'int' object has no attribute 'split'
Traceback (most recent call last):
  File "C:\Users\Administrator\Documents\GitHub\rasa_chatbot\actions.py", line 143, in submit
    a = resp.json()
  File "C:\Users\Administrator\AppData\Local\Programs\Python\Python36\lib\site-packages\requests\models.py", line 897, in json
    return complexjson.loads(self.text, **kwargs)
  File "C:\Users\Administrator\AppData\Local\Programs\Python\Python36\lib\site-packages\simplejson\__init__.py", line 518, in loads
    return _default_decoder.decode(s)
  File "C:\Users\Administrator\AppData\Local\Programs\Python\Python36\lib\site-packages\simplejson\decoder.py", line 370, in decode
    obj, end = self.raw_decode(s)
  File "C:\Users\Administrator\AppData\Local\Programs\Python\Python36\lib\site-packages\simplejson\decoder.py", line 400, in raw_decode
    return self.scan_once(s, idx=_w(s, idx).end())
simplejson.errors.JSONDecodeError: Expecting value: line 1 column 1 (char 0)

During handling of the above exception, another exception occurred:

Traceback (most recent call last):
  File "C:\Users\Administrator\AppData\Local\Programs\Python\Python36\lib\site-packages\rasa_core\processor.py", line 302, in _run_action
    events = action.run(dispatcher, tracker, self.domain)
  File "C:\Users\Administrator\AppData\Local\Programs\Python\Python36\lib\site-packages\rasa_core\actions\forms.py", line 146, in run
    events_from_submit = self.submit(dispatcher, temp_tracker, domain) or []
  File "C:\Users\Administrator\Documents\GitHub\rasa_chatbot\actions.py", line 148, in submit
    dispatcher.utter_message(resp.status_code)
  File "C:\Users\Administrator\AppData\Local\Programs\Python\Python36\lib\site-packages\rasa_core\dispatcher.py", line 73, in utter_message
    for message_part in text.split("\n\n"):
AttributeError: 'int' object has no attribute 'split'
Encountered an exception while running action 'action_GetJIRAStatus_param'. Bot will continue, but the actions events are lost. Make sure to fix the exception in your custom code.
'int' object has no attribute 'split'
Traceback (most recent call last):
  File "C:\Users\Administrator\Documents\GitHub\rasa_chatbot\actions.py", line 143, in submit
    a = resp.json()
  File "C:\Users\Administrator\AppData\Local\Programs\Python\Python36\lib\site-packages\requests\models.py", line 897, in json
    return complexjson.loads(self.text, **kwargs)
  File "C:\Users\Administrator\AppData\Local\Programs\Python\Python36\lib\site-packages\simplejson\__init__.py", line 518, in loads
    return _default_decoder.decode(s)
  File "C:\Users\Administrator\AppData\Local\Programs\Python\Python36\lib\site-packages\simplejson\decoder.py", line 370, in decode
    obj, end = self.raw_decode(s)
  File "C:\Users\Administrator\AppData\Local\Programs\Python\Python36\lib\site-packages\simplejson\decoder.py", line 400, in raw_decode
    return self.scan_once(s, idx=_w(s, idx).end())
simplejson.errors.JSONDecodeError: Expecting value: line 1 column 1 (char 0)

During handling of the above exception, another exception occurred:

Traceback (most recent call last):
  File "C:\Users\Administrator\AppData\Local\Programs\Python\Python36\lib\site-packages\rasa_core\processor.py", line 302, in _run_action
    events = action.run(dispatcher, tracker, self.domain)
  File "C:\Users\Administrator\AppData\Local\Programs\Python\Python36\lib\site-packages\rasa_core\actions\forms.py", line 146, in run
    events_from_submit = self.submit(dispatcher, temp_tracker, domain) or []
  File "C:\Users\Administrator\Documents\GitHub\rasa_chatbot\actions.py", line 148, in submit
    dispatcher.utter_message(resp.status_code)
  File "C:\Users\Administrator\AppData\Local\Programs\Python\Python36\lib\site-packages\rasa_core\dispatcher.py", line 73, in utter_message
    for message_part in text.split("\n\n"):
AttributeError: 'int' object has no attribute 'split'
Encountered an exception while running action 'action_GetJIRAStatus_param'. Bot will continue, but the actions events are lost. Make sure to fix the exception in your custom code.
'int' object has no attribute 'split'
Traceback (most recent call last):
  File "C:\Users\Administrator\Documents\GitHub\rasa_chatbot\actions.py", line 143, in submit
    a = resp.json()
  File "C:\Users\Administrator\AppData\Local\Programs\Python\Python36\lib\site-packages\requests\models.py", line 897, in json
    return complexjson.loads(self.text, **kwargs)
  File "C:\Users\Administrator\AppData\Local\Programs\Python\Python36\lib\site-packages\simplejson\__init__.py", line 518, in loads
    return _default_decoder.decode(s)
  File "C:\Users\Administrator\AppData\Local\Programs\Python\Python36\lib\site-packages\simplejson\decoder.py", line 370, in decode
    obj, end = self.raw_decode(s)
  File "C:\Users\Administrator\AppData\Local\Programs\Python\Python36\lib\site-packages\simplejson\decoder.py", line 400, in raw_decode
    return self.scan_once(s, idx=_w(s, idx).end())
simplejson.errors.JSONDecodeError: Expecting value: line 1 column 1 (char 0)

During handling of the above exception, another exception occurred:

Traceback (most recent call last):
  File "C:\Users\Administrator\AppData\Local\Programs\Python\Python36\lib\site-packages\rasa_core\processor.py", line 302, in _run_action
    events = action.run(dispatcher, tracker, self.domain)
  File "C:\Users\Administrator\AppData\Local\Programs\Python\Python36\lib\site-packages\rasa_core\actions\forms.py", line 146, in run
    events_from_submit = self.submit(dispatcher, temp_tracker, domain) or []
  File "C:\Users\Administrator\Documents\GitHub\rasa_chatbot\actions.py", line 148, in submit
    dispatcher.utter_message(resp.status_code)
  File "C:\Users\Administrator\AppData\Local\Programs\Python\Python36\lib\site-packages\rasa_core\dispatcher.py", line 73, in utter_message
    for message_part in text.split("\n\n"):
AttributeError: 'int' object has no attribute 'split'
Encountered an exception while running action 'action_GetJIRAStatus_param'. Bot will continue, but the actions events are lost. Make sure to fix the exception in your custom code.
'int' object has no attribute 'split'
Traceback (most recent call last):
  File "C:\Users\Administrator\Documents\GitHub\rasa_chatbot\actions.py", line 143, in submit
    a = resp.json()
  File "C:\Users\Administrator\AppData\Local\Programs\Python\Python36\lib\site-packages\requests\models.py", line 897, in json
    return complexjson.loads(self.text, **kwargs)
  File "C:\Users\Administrator\AppData\Local\Programs\Python\Python36\lib\site-packages\simplejson\__init__.py", line 518, in loads
    return _default_decoder.decode(s)
  File "C:\Users\Administrator\AppData\Local\Programs\Python\Python36\lib\site-packages\simplejson\decoder.py", line 370, in decode
    obj, end = self.raw_decode(s)
  File "C:\Users\Administrator\AppData\Local\Programs\Python\Python36\lib\site-packages\simplejson\decoder.py", line 400, in raw_decode
    return self.scan_once(s, idx=_w(s, idx).end())
simplejson.errors.JSONDecodeError: Expecting value: line 1 column 1 (char 0)

During handling of the above exception, another exception occurred:

Traceback (most recent call last):
  File "C:\Users\Administrator\AppData\Local\Programs\Python\Python36\lib\site-packages\rasa_core\processor.py", line 302, in _run_action
    events = action.run(dispatcher, tracker, self.domain)
  File "C:\Users\Administrator\AppData\Local\Programs\Python\Python36\lib\site-packages\rasa_core\actions\forms.py", line 146, in run
    events_from_submit = self.submit(dispatcher, temp_tracker, domain) or []
  File "C:\Users\Administrator\Documents\GitHub\rasa_chatbot\actions.py", line 148, in submit
    dispatcher.utter_message(resp.status_code)
  File "C:\Users\Administrator\AppData\Local\Programs\Python\Python36\lib\site-packages\rasa_core\dispatcher.py", line 73, in utter_message
    for message_part in text.split("\n\n"):
AttributeError: 'int' object has no attribute 'split'
